2026-04-15 01:02:04,743 - aqt.helper - DEBUG - helper 128106776465536 Attempt to download checksum at https://download.qt.io/online/qtsdkrepository/linux_x64/desktop/qt6_6101/qt6_6101/Updates.xml.sha256
2026-04-15 01:02:13,873 - aqt.main - INFO - installer 124650788196480 aqtinstall(aqt) v3.3.0 on Python 3.12.3 [CPython GCC 13.3.0]
2026-04-15 01:02:13,874 - aqt.helper - DEBUG - helper 124650788196480 Attempt to download checksum at https://download.qt.io/online/qtsdkrepository/linux_x64/desktop/qt6_6101/qt6_6101/Updates.xml.sha256
2026-04-15 01:02:14,443 - aqt.helper - DEBUG - helper 124650788196480 Attempt to download checksum at https://download.qt.io/online/qtsdkrepository/linux_x64/extensions/qtwebengine/6101/x86_64/Updates.xml.sha256
2026-04-15 01:02:14,961 - aqt.archives - INFO - archives 124650788196480 Found extension qtwebengine
2026-04-15 01:02:14,962 - aqt.helper - DEBUG - helper 124650788196480 Attempt to download checksum at https://download.qt.io/online/qtsdkrepository/linux_x64/extensions/qtpdf/6101/x86_64/Updates.xml.sha256
2026-04-15 01:02:15,498 - aqt.archives - INFO - archives 124650788196480 Found extension qtpdf
2026-04-15 01:02:15,969 - aqt.helper - DEBUG - helper 129296814846080 Attempt to download checksum at https://download.qt.io/online/qtsdkrepository/linux_x64/desktop/qt6_6101/qt6_6101/qt.qt6.6101.linux_gcc_64/6.10.1-0-202511161843qtbase-Linux-RHEL_9_4-GCC-Linux-RHEL_9_4-X86_64.7z.sha256
2026-04-15 01:02:15,975 - aqt.helper - DEBUG - helper 136293556494464 Attempt to download checksum at https://download.qt.io/online/qtsdkrepository/linux_x64/desktop/qt6_6101/qt6_6101/qt.qt6.6101.linux_gcc_64/6.10.1-0-202511161843qtsvg-Linux-RHEL_9_4-GCC-Linux-RHEL_9_4-X86_64.7z.sha256
2026-04-15 01:02:16,003 - aqt.helper - DEBUG - helper 127119514468480 Attempt to download checksum at https://download.qt.io/online/qtsdkrepository/linux_x64/desktop/qt6_6101/qt6_6101/qt.qt6.6101.linux_gcc_64/6.10.1-0-202511161843qtdeclarative-Linux-RHEL_9_4-GCC-Linux-RHEL_9_4-X86_64.7z.sha256
2026-04-15 01:02:16,021 - aqt.helper - DEBUG - helper 128610819080320 Attempt to download checksum at https://download.qt.io/online/qtsdkrepository/linux_x64/desktop/qt6_6101/qt6_6101/qt.qt6.6101.linux_gcc_64/6.10.1-0-202511161843qttools-Linux-RHEL_9_4-GCC-Linux-RHEL_9_4-X86_64.7z.sha256
2026-04-15 01:02:16,205 - aqt.helper - INFO - helper 136293556494464 Downloading qtsvg...
2026-04-15 01:02:16,211 - aqt.helper - INFO - helper 129296814846080 Downloading qtbase...
2026-04-15 01:02:16,207 - aqt.installer - DEBUG - installer 136293556494464 Download URL: https://download.qt.io/online/qtsdkrepository/linux_x64/desktop/qt6_6101/qt6_6101/qt.qt6.6101.linux_gcc_64/6.10.1-0-202511161843qtsvg-Linux-RHEL_9_4-GCC-Linux-RHEL_9_4-X86_64.7z
2026-04-15 01:02:16,212 - aqt.installer - DEBUG - installer 129296814846080 Download URL: https://download.qt.io/online/qtsdkrepository/linux_x64/desktop/qt6_6101/qt6_6101/qt.qt6.6101.linux_gcc_64/6.10.1-0-202511161843qtbase-Linux-RHEL_9_4-GCC-Linux-RHEL_9_4-X86_64.7z
2026-04-15 01:02:16,228 - aqt.helper - INFO - helper 127119514468480 Downloading qtdeclarative...
2026-04-15 01:02:16,228 - aqt.installer - DEBUG - installer 127119514468480 Download URL: https://download.qt.io/online/qtsdkrepository/linux_x64/desktop/qt6_6101/qt6_6101/qt.qt6.6101.linux_gcc_64/6.10.1-0-202511161843qtdeclarative-Linux-RHEL_9_4-GCC-Linux-RHEL_9_4-X86_64.7z
2026-04-15 01:02:16,262 - aqt.helper - INFO - helper 128610819080320 Downloading qttools...
2026-04-15 01:02:16,263 - aqt.installer - DEBUG - installer 128610819080320 Download URL: https://download.qt.io/online/qtsdkrepository/linux_x64/desktop/qt6_6101/qt6_6101/qt.qt6.6101.linux_gcc_64/6.10.1-0-202511161843qttools-Linux-RHEL_9_4-GCC-Linux-RHEL_9_4-X86_64.7z
2026-04-15 01:02:16,451 - aqt.helper - DEBUG - helper 136293556494464 Asked to redirect(302) to: https://ftp.fau.de/qtproject/online/qtsdkrepository/linux_x64/desktop/qt6_6101/qt6_6101/qt.qt6.6101.linux_gcc_64/6.10.1-0-202511161843qtsvg-Linux-RHEL_9_4-GCC-Linux-RHEL_9_4-X86_64.7z
2026-04-15 01:02:16,452 - aqt.helper - INFO - helper 136293556494464 Redirected: ftp.fau.de
2026-04-15 01:02:16,453 - aqt.helper - DEBUG - helper 129296814846080 Asked to redirect(302) to: https://ftp.fau.de/qtproject/online/qtsdkrepository/linux_x64/desktop/qt6_6101/qt6_6101/qt.qt6.6101.linux_gcc_64/6.10.1-0-202511161843qtbase-Linux-RHEL_9_4-GCC-Linux-RHEL_9_4-X86_64.7z
2026-04-15 01:02:16,453 - aqt.helper - INFO - helper 129296814846080 Redirected: ftp.fau.de
2026-04-15 01:02:16,475 - aqt.helper - DEBUG - helper 127119514468480 Asked to redirect(302) to: https://ftp.fau.de/qtproject/online/qtsdkrepository/linux_x64/desktop/qt6_6101/qt6_6101/qt.qt6.6101.linux_gcc_64/6.10.1-0-202511161843qtdeclarative-Linux-RHEL_9_4-GCC-Linux-RHEL_9_4-X86_64.7z
2026-04-15 01:02:16,475 - aqt.helper - INFO - helper 127119514468480 Redirected: ftp.fau.de
2026-04-15 01:02:16,505 - aqt.helper - DEBUG - helper 128610819080320 Asked to redirect(302) to: https://ftp.fau.de/qtproject/online/qtsdkrepository/linux_x64/desktop/qt6_6101/qt6_6101/qt.qt6.6101.linux_gcc_64/6.10.1-0-202511161843qttools-Linux-RHEL_9_4-GCC-Linux-RHEL_9_4-X86_64.7z
2026-04-15 01:02:16,506 - aqt.helper - INFO - helper 128610819080320 Redirected: ftp.fau.de
2026-04-15 01:02:16,892 - aqt.installer - INFO - installer 136293556494464 Finished installation of qtsvg-Linux-RHEL_9_4-GCC-Linux-RHEL_9_4-X86_64.7z in 0.91973093
2026-04-15 01:02:16,907 - aqt.helper - DEBUG - helper 136293556494464 Attempt to download checksum at https://download.qt.io/online/qtsdkrepository/linux_x64/desktop/qt6_6101/qt6_6101/qt.qt6.6101.linux_gcc_64/6.10.1-0-202511161843qttranslations-Linux-RHEL_9_4-GCC-Linux-RHEL_9_4-X86_64.7z.sha256
2026-04-15 01:02:17,752 - aqt.helper - INFO - helper 136293556494464 Downloading qttranslations...
2026-04-15 01:02:17,752 - aqt.installer - DEBUG - installer 136293556494464 Download URL: https://download.qt.io/online/qtsdkrepository/linux_x64/desktop/qt6_6101/qt6_6101/qt.qt6.6101.linux_gcc_64/6.10.1-0-202511161843qttranslations-Linux-RHEL_9_4-GCC-Linux-RHEL_9_4-X86_64.7z
2026-04-15 01:02:18,827 - aqt.helper - DEBUG - helper 136293556494464 Asked to redirect(302) to: https://ftp.fau.de/qtproject/online/qtsdkrepository/linux_x64/desktop/qt6_6101/qt6_6101/qt.qt6.6101.linux_gcc_64/6.10.1-0-202511161843qttranslations-Linux-RHEL_9_4-GCC-Linux-RHEL_9_4-X86_64.7z
2026-04-15 01:02:18,827 - aqt.helper - INFO - helper 136293556494464 Redirected: ftp.fau.de
2026-04-15 01:02:22,033 - aqt.installer - INFO - installer 136293556494464 Finished installation of qttranslations-Linux-RHEL_9_4-GCC-Linux-RHEL_9_4-X86_64.7z in 5.12801430
2026-04-15 01:02:22,054 - aqt.helper - DEBUG - helper 136293556494464 Attempt to download checksum at https://download.qt.io/online/qtsdkrepository/linux_x64/desktop/qt6_6101/qt6_6101/qt.qt6.6101.linux_gcc_64/6.10.1-0-202511161843qtwayland-Linux-RHEL_9_4-GCC-Linux-RHEL_9_4-X86_64.7z.sha256
2026-04-15 01:02:23,047 - aqt.helper - INFO - helper 136293556494464 Downloading qtwayland...
2026-04-15 01:02:23,047 - aqt.installer - DEBUG - installer 136293556494464 Download URL: https://download.qt.io/online/qtsdkrepository/linux_x64/desktop/qt6_6101/qt6_6101/qt.qt6.6101.linux_gcc_64/6.10.1-0-202511161843qtwayland-Linux-RHEL_9_4-GCC-Linux-RHEL_9_4-X86_64.7z
2026-04-15 01:02:24,097 - aqt.helper - DEBUG - helper 136293556494464 Asked to redirect(302) to: https://ftp.fau.de/qtproject/online/qtsdkrepository/linux_x64/desktop/qt6_6101/qt6_6101/qt.qt6.6101.linux_gcc_64/6.10.1-0-202511161843qtwayland-Linux-RHEL_9_4-GCC-Linux-RHEL_9_4-X86_64.7z
2026-04-15 01:02:24,097 - aqt.helper - INFO - helper 136293556494464 Redirected: ftp.fau.de
2026-04-15 01:02:25,900 - aqt.installer - INFO - installer 136293556494464 Finished installation of qtwayland-Linux-RHEL_9_4-GCC-Linux-RHEL_9_4-X86_64.7z in 3.84738277
2026-04-15 01:02:25,924 - aqt.helper - DEBUG - helper 136293556494464 Attempt to download checksum at https://download.qt.io/online/qtsdkrepository/linux_x64/desktop/qt6_6101/qt6_6101/qt.qt6.6101.linux_gcc_64/6.10.1-0-202511161843icu-linux-Rhel8.6-x86_64.7z.sha256
2026-04-15 01:02:27,025 - aqt.helper - INFO - helper 136293556494464 Downloading icu...
2026-04-15 01:02:27,026 - aqt.installer - DEBUG - installer 136293556494464 Download URL: https://download.qt.io/online/qtsdkrepository/linux_x64/desktop/qt6_6101/qt6_6101/qt.qt6.6101.linux_gcc_64/6.10.1-0-202511161843icu-linux-Rhel8.6-x86_64.7z
2026-04-15 01:02:28,229 - aqt.helper - DEBUG - helper 136293556494464 Asked to redirect(302) to: https://ftp.fau.de/qtproject/online/qtsdkrepository/linux_x64/desktop/qt6_6101/qt6_6101/qt.qt6.6101.linux_gcc_64/6.10.1-0-202511161843icu-linux-Rhel8.6-x86_64.7z
2026-04-15 01:02:28,229 - aqt.helper - INFO - helper 136293556494464 Redirected: ftp.fau.de
2026-04-15 01:02:30,219 - aqt.installer - INFO - installer 128610819080320 Finished installation of qttools-Linux-RHEL_9_4-GCC-Linux-RHEL_9_4-X86_64.7z in 14.20040444
2026-04-15 01:02:32,057 - aqt.installer - INFO - installer 136293556494464 Finished installation of icu-linux-Rhel8.6-x86_64.7z in 6.13513015
2026-04-15 01:02:32,791 - aqt.installer - INFO - installer 129296814846080 Finished installation of qtbase-Linux-RHEL_9_4-GCC-Linux-RHEL_9_4-X86_64.7z in 16.82629187
2026-04-15 01:02:58,984 - aqt.installer - INFO - installer 127119514468480 Finished installation of qtdeclarative-Linux-RHEL_9_4-GCC-Linux-RHEL_9_4-X86_64.7z in 42.98255300
2026-04-15 01:02:59,109 - aqt.updater - INFO - updater 124650788196480 Patching /home/oliverzhao/.local/Qt/6.10.1/gcc_64/bin/qmake
2026-04-15 01:02:59,114 - aqt.updater - INFO - updater 124650788196480 Patching /home/oliverzhao/.local/Qt/6.10.1/gcc_64/lib/pkgconfig/Qt6QuickControls2MaterialStyleImpl.pc
2026-04-15 01:02:59,116 - aqt.updater - INFO - updater 124650788196480 Patching /home/oliverzhao/.local/Qt/6.10.1/gcc_64/lib/pkgconfig/Qt6LabsSettings.pc
2026-04-15 01:02:59,116 - aqt.updater - INFO - updater 124650788196480 Patching /home/oliverzhao/.local/Qt/6.10.1/gcc_64/lib/pkgconfig/Qt6UiPlugin.pc
2026-04-15 01:02:59,117 - aqt.updater - INFO - updater 124650788196480 Patching /home/oliverzhao/.local/Qt/6.10.1/gcc_64/lib/pkgconfig/Qt6Core.pc
2026-04-15 01:02:59,118 - aqt.updater - INFO - updater 124650788196480 Patching /home/oliverzhao/.local/Qt/6.10.1/gcc_64/lib/pkgconfig/Qt6QuickControls2Impl.pc
2026-04-15 01:02:59,119 - aqt.updater - INFO - updater 124650788196480 Patching /home/oliverzhao/.local/Qt/6.10.1/gcc_64/lib/pkgconfig/Qt6QuickTemplates2.pc
2026-04-15 01:02:59,119 - aqt.updater - INFO - updater 124650788196480 Patching /home/oliverzhao/.local/Qt/6.10.1/gcc_64/lib/pkgconfig/Qt6DBus.pc
2026-04-15 01:02:59,120 - aqt.updater - INFO - updater 124650788196480 Patching /home/oliverzhao/.local/Qt/6.10.1/gcc_64/lib/pkgconfig/Qt6UiTools.pc
2026-04-15 01:02:59,121 - aqt.updater - INFO - updater 124650788196480 Patching /home/oliverzhao/.local/Qt/6.10.1/gcc_64/lib/pkgconfig/Qt6QuickWidgets.pc
2026-04-15 01:02:59,121 - aqt.updater - INFO - updater 124650788196480 Patching /home/oliverzhao/.local/Qt/6.10.1/gcc_64/lib/pkgconfig/Qt6Concurrent.pc
2026-04-15 01:02:59,122 - aqt.updater - INFO - updater 124650788196480 Patching /home/oliverzhao/.local/Qt/6.10.1/gcc_64/lib/pkgconfig/Qt6Designer.pc
2026-04-15 01:02:59,123 - aqt.updater - INFO - updater 124650788196480 Patching /home/oliverzhao/.local/Qt/6.10.1/gcc_64/lib/pkgconfig/Qt6QuickDialogs2.pc
2026-04-15 01:02:59,124 - aqt.updater - INFO - updater 124650788196480 Patching /home/oliverzhao/.local/Qt/6.10.1/gcc_64/lib/pkgconfig/Qt6QmlModels.pc
2026-04-15 01:02:59,125 - aqt.updater - INFO - updater 124650788196480 Patching /home/oliverzhao/.local/Qt/6.10.1/gcc_64/lib/pkgconfig/Qt6LabsFolderListModel.pc
2026-04-15 01:02:59,127 - aqt.updater - INFO - updater 124650788196480 Patching /home/oliverzhao/.local/Qt/6.10.1/gcc_64/lib/pkgconfig/Qt6QuickControls2.pc
2026-04-15 01:02:59,127 - aqt.updater - INFO - updater 124650788196480 Patching /home/oliverzhao/.local/Qt/6.10.1/gcc_64/lib/pkgconfig/Qt6QuickVectorImageHelpers.pc
2026-04-15 01:02:59,128 - aqt.updater - INFO - updater 124650788196480 Patching /home/oliverzhao/.local/Qt/6.10.1/gcc_64/lib/pkgconfig/Qt6QuickControls2Imagine.pc
2026-04-15 01:02:59,129 - aqt.updater - INFO - updater 124650788196480 Patching /home/oliverzhao/.local/Qt/6.10.1/gcc_64/lib/pkgconfig/Qt6Qml.pc
2026-04-15 01:02:59,130 - aqt.updater - INFO - updater 124650788196480 Patching /home/oliverzhao/.local/Qt/6.10.1/gcc_64/lib/pkgconfig/Qt6LabsQmlModels.pc
2026-04-15 01:02:59,130 - aqt.updater - INFO - updater 124650788196480 Patching /home/oliverzhao/.local/Qt/6.10.1/gcc_64/lib/pkgconfig/Qt6QuickLayouts.pc
2026-04-15 01:02:59,131 - aqt.updater - INFO - updater 124650788196480 Patching /home/oliverzhao/.local/Qt/6.10.1/gcc_64/lib/pkgconfig/Qt6QmlXmlListModel.pc
2026-04-15 01:02:59,132 - aqt.updater - INFO - updater 124650788196480 Patching /home/oliverzhao/.local/Qt/6.10.1/gcc_64/lib/pkgconfig/Qt6QuickControls2FluentWinUI3StyleImpl.pc
2026-04-15 01:02:59,132 - aqt.updater - INFO - updater 124650788196480 Patching /home/oliverzhao/.local/Qt/6.10.1/gcc_64/lib/pkgconfig/Qt6LabsAnimation.pc
2026-04-15 01:02:59,133 - aqt.updater - INFO - updater 124650788196480 Patching /home/oliverzhao/.local/Qt/6.10.1/gcc_64/lib/pkgconfig/Qt6QuickControls2Fusion.pc
2026-04-15 01:02:59,134 - aqt.updater - INFO - updater 124650788196480 Patching /home/oliverzhao/.local/Qt/6.10.1/gcc_64/lib/pkgconfig/Qt6Test.pc
2026-04-15 01:02:59,135 - aqt.updater - INFO - updater 124650788196480 Patching /home/oliverzhao/.local/Qt/6.10.1/gcc_64/lib/pkgconfig/Qt6QmlMeta.pc
2026-04-15 01:02:59,135 - aqt.updater - INFO - updater 124650788196480 Patching /home/oliverzhao/.local/Qt/6.10.1/gcc_64/lib/pkgconfig/Qt6LabsSharedImage.pc
2026-04-15 01:02:59,136 - aqt.updater - INFO - updater 124650788196480 Patching /home/oliverzhao/.local/Qt/6.10.1/gcc_64/lib/pkgconfig/Qt6QmlAssetDownloader.pc
2026-04-15 01:02:59,137 - aqt.updater - INFO - updater 124650788196480 Patching /home/oliverzhao/.local/Qt/6.10.1/gcc_64/lib/pkgconfig/Qt6QuickVectorImage.pc
2026-04-15 01:02:59,137 - aqt.updater - INFO - updater 124650788196480 Patching /home/oliverzhao/.local/Qt/6.10.1/gcc_64/lib/pkgconfig/Qt6WaylandClient.pc
2026-04-15 01:02:59,138 - aqt.updater - INFO - updater 124650788196480 Patching /home/oliverzhao/.local/Qt/6.10.1/gcc_64/lib/pkgconfig/Qt6LabsWavefrontMesh.pc
2026-04-15 01:02:59,139 - aqt.updater - INFO - updater 124650788196480 Patching /home/oliverzhao/.local/Qt/6.10.1/gcc_64/lib/pkgconfig/Qt6QuickControls2Universal.pc
2026-04-15 01:02:59,139 - aqt.updater - INFO - updater 124650788196480 Patching /home/oliverzhao/.local/Qt/6.10.1/gcc_64/lib/pkgconfig/Qt6LabsPlatform.pc
2026-04-15 01:02:59,140 - aqt.updater - INFO - updater 124650788196480 Patching /home/oliverzhao/.local/Qt/6.10.1/gcc_64/lib/pkgconfig/Qt6SvgWidgets.pc
2026-04-15 01:02:59,141 - aqt.updater - INFO - updater 124650788196480 Patching /home/oliverzhao/.local/Qt/6.10.1/gcc_64/lib/pkgconfig/Qt6QmlWorkerScript.pc
2026-04-15 01:02:59,142 - aqt.updater - INFO - updater 124650788196480 Patching /home/oliverzhao/.local/Qt/6.10.1/gcc_64/lib/pkgconfig/Qt6QmlCompiler.pc
2026-04-15 01:02:59,142 - aqt.updater - INFO - updater 124650788196480 Patching /home/oliverzhao/.local/Qt/6.10.1/gcc_64/lib/pkgconfig/Qt6LabsSynchronizer.pc
2026-04-15 01:02:59,143 - aqt.updater - INFO - updater 124650788196480 Patching /home/oliverzhao/.local/Qt/6.10.1/gcc_64/lib/pkgconfig/Qt6QuickControls2Material.pc
2026-04-15 01:02:59,144 - aqt.updater - INFO - updater 124650788196480 Patching /home/oliverzhao/.local/Qt/6.10.1/gcc_64/lib/pkgconfig/Qt6QuickControls2BasicStyleImpl.pc
2026-04-15 01:02:59,144 - aqt.updater - INFO - updater 124650788196480 Patching /home/oliverzhao/.local/Qt/6.10.1/gcc_64/lib/pkgconfig/Qt6Widgets.pc
2026-04-15 01:02:59,145 - aqt.updater - INFO - updater 124650788196480 Patching /home/oliverzhao/.local/Qt/6.10.1/gcc_64/lib/pkgconfig/Qt6Network.pc
2026-04-15 01:02:59,146 - aqt.updater - INFO - updater 124650788196480 Patching /home/oliverzhao/.local/Qt/6.10.1/gcc_64/lib/pkgconfig/Qt6QmlIntegration.pc
2026-04-15 01:02:59,146 - aqt.updater - INFO - updater 124650788196480 Patching /home/oliverzhao/.local/Qt/6.10.1/gcc_64/lib/pkgconfig/Qt6Svg.pc
2026-04-15 01:02:59,147 - aqt.updater - INFO - updater 124650788196480 Patching /home/oliverzhao/.local/Qt/6.10.1/gcc_64/lib/pkgconfig/Qt6QmlCore.pc
2026-04-15 01:02:59,148 - aqt.updater - INFO - updater 124650788196480 Patching /home/oliverzhao/.local/Qt/6.10.1/gcc_64/lib/pkgconfig/Qt6QuickTest.pc
2026-04-15 01:02:59,149 - aqt.updater - INFO - updater 124650788196480 Patching /home/oliverzhao/.local/Qt/6.10.1/gcc_64/lib/pkgconfig/Qt6QmlLocalStorage.pc
2026-04-15 01:02:59,150 - aqt.updater - INFO - updater 124650788196480 Patching /home/oliverzhao/.local/Qt/6.10.1/gcc_64/lib/pkgconfig/Qt6QuickDialogs2Utils.pc
2026-04-15 01:02:59,151 - aqt.updater - INFO - updater 124650788196480 Patching /home/oliverzhao/.local/Qt/6.10.1/gcc_64/lib/pkgconfig/Qt6PrintSupport.pc
2026-04-15 01:02:59,151 - aqt.updater - INFO - updater 124650788196480 Patching /home/oliverzhao/.local/Qt/6.10.1/gcc_64/lib/pkgconfig/Qt6QuickControls2ImagineStyleImpl.pc
2026-04-15 01:02:59,152 - aqt.updater - INFO - updater 124650788196480 Patching /home/oliverzhao/.local/Qt/6.10.1/gcc_64/lib/pkgconfig/Qt6QmlNetwork.pc
2026-04-15 01:02:59,153 - aqt.updater - INFO - updater 124650788196480 Patching /home/oliverzhao/.local/Qt/6.10.1/gcc_64/lib/pkgconfig/Qt6Quick.pc
2026-04-15 01:02:59,154 - aqt.updater - INFO - updater 124650788196480 Patching /home/oliverzhao/.local/Qt/6.10.1/gcc_64/lib/pkgconfig/Qt6QuickEffects.pc
2026-04-15 01:02:59,154 - aqt.updater - INFO - updater 124650788196480 Patching /home/oliverzhao/.local/Qt/6.10.1/gcc_64/lib/pkgconfig/Qt6QuickControls2Basic.pc
2026-04-15 01:02:59,155 - aqt.updater - INFO - updater 124650788196480 Patching /home/oliverzhao/.local/Qt/6.10.1/gcc_64/lib/pkgconfig/Qt6QuickControls2FusionStyleImpl.pc
2026-04-15 01:02:59,156 - aqt.updater - INFO - updater 124650788196480 Patching /home/oliverzhao/.local/Qt/6.10.1/gcc_64/lib/pkgconfig/Qt6Help.pc
2026-04-15 01:02:59,156 - aqt.updater - INFO - updater 124650788196480 Patching /home/oliverzhao/.local/Qt/6.10.1/gcc_64/lib/pkgconfig/Qt6Xml.pc
2026-04-15 01:02:59,157 - aqt.updater - INFO - updater 124650788196480 Patching /home/oliverzhao/.local/Qt/6.10.1/gcc_64/lib/pkgconfig/Qt6OpenGL.pc
2026-04-15 01:02:59,158 - aqt.updater - INFO - updater 124650788196480 Patching /home/oliverzhao/.local/Qt/6.10.1/gcc_64/lib/pkgconfig/Qt6Gui.pc
2026-04-15 01:02:59,158 - aqt.updater - INFO - updater 124650788196480 Patching /home/oliverzhao/.local/Qt/6.10.1/gcc_64/lib/pkgconfig/Qt6Platform.pc
2026-04-15 01:02:59,159 - aqt.updater - INFO - updater 124650788196480 Patching /home/oliverzhao/.local/Qt/6.10.1/gcc_64/lib/pkgconfig/Qt6Sql.pc
2026-04-15 01:02:59,160 - aqt.updater - INFO - updater 124650788196480 Patching /home/oliverzhao/.local/Qt/6.10.1/gcc_64/lib/pkgconfig/Qt6OpenGLWidgets.pc
2026-04-15 01:02:59,160 - aqt.updater - INFO - updater 124650788196480 Patching /home/oliverzhao/.local/Qt/6.10.1/gcc_64/lib/pkgconfig/Qt6QuickControls2UniversalStyleImpl.pc
2026-04-15 01:02:59,161 - aqt.updater - INFO - updater 124650788196480 Patching /home/oliverzhao/.local/Qt/6.10.1/gcc_64/lib/pkgconfig/Qt6QuickDialogs2QuickImpl.pc
2026-04-15 01:02:59,162 - aqt.updater - INFO - updater 124650788196480 Patching /home/oliverzhao/.local/Qt/6.10.1/gcc_64/lib/pkgconfig/Qt6Linguist.pc
2026-04-15 01:02:59,163 - aqt.updater - INFO - updater 124650788196480 Patching /home/oliverzhao/.local/Qt/6.10.1/gcc_64/lib/libQt6LabsSettings.prl
2026-04-15 01:02:59,164 - aqt.updater - INFO - updater 124650788196480 Patching /home/oliverzhao/.local/Qt/6.10.1/gcc_64/lib/libQt6QuickParticles.prl
2026-04-15 01:02:59,165 - aqt.updater - INFO - updater 124650788196480 Patching /home/oliverzhao/.local/Qt/6.10.1/gcc_64/lib/libQt6XcbQpa.prl
2026-04-15 01:02:59,165 - aqt.updater - INFO - updater 124650788196480 Patching /home/oliverzhao/.local/Qt/6.10.1/gcc_64/lib/libQt6QuickControls2UniversalStyleImpl.prl
2026-04-15 01:02:59,166 - aqt.updater - INFO - updater 124650788196480 Patching /home/oliverzhao/.local/Qt/6.10.1/gcc_64/lib/libQt6DeviceDiscoverySupport.prl
2026-04-15 01:02:59,167 - aqt.updater - INFO - updater 124650788196480 Patching /home/oliverzhao/.local/Qt/6.10.1/gcc_64/lib/libQt6QuickControls2Fusion.prl
2026-04-15 01:02:59,168 - aqt.updater - INFO - updater 124650788196480 Patching /home/oliverzhao/.local/Qt/6.10.1/gcc_64/lib/libQt6LabsFolderListModel.prl
2026-04-15 01:02:59,169 - aqt.updater - INFO - updater 124650788196480 Patching /home/oliverzhao/.local/Qt/6.10.1/gcc_64/lib/libQt6QuickControls2FusionStyleImpl.prl
2026-04-15 01:02:59,169 - aqt.updater - INFO - updater 124650788196480 Patching /home/oliverzhao/.local/Qt/6.10.1/gcc_64/lib/libQt6QuickControls2Basic.prl
2026-04-15 01:02:59,170 - aqt.updater - INFO - updater 124650788196480 Patching /home/oliverzhao/.local/Qt/6.10.1/gcc_64/lib/libQt6QuickControlsTestUtils.prl
2026-04-15 01:02:59,171 - aqt.updater - INFO - updater 124650788196480 Patching /home/oliverzhao/.local/Qt/6.10.1/gcc_64/lib/libQt6LabsWavefrontMesh.prl
2026-04-15 01:02:59,171 - aqt.updater - INFO - updater 124650788196480 Patching /home/oliverzhao/.local/Qt/6.10.1/gcc_64/lib/libQt6KmsSupport.prl
2026-04-15 01:02:59,172 - aqt.updater - INFO - updater 124650788196480 Patching /home/oliverzhao/.local/Qt/6.10.1/gcc_64/lib/libQt6QmlCore.prl
2026-04-15 01:02:59,173 - aqt.updater - INFO - updater 124650788196480 Patching /home/oliverzhao/.local/Qt/6.10.1/gcc_64/lib/libQt6QuickControls2ImagineStyleImpl.prl
2026-04-15 01:02:59,173 - aqt.updater - INFO - updater 124650788196480 Patching /home/oliverzhao/.local/Qt/6.10.1/gcc_64/lib/libQt6QuickWidgets.prl
2026-04-15 01:02:59,174 - aqt.updater - INFO - updater 124650788196480 Patching /home/oliverzhao/.local/Qt/6.10.1/gcc_64/lib/libQt6Sql.prl
2026-04-15 01:02:59,175 - aqt.updater - INFO - updater 124650788196480 Patching /home/oliverzhao/.local/Qt/6.10.1/gcc_64/lib/libQt6FbSupport.prl
2026-04-15 01:02:59,175 - aqt.updater - INFO - updater 124650788196480 Patching /home/oliverzhao/.local/Qt/6.10.1/gcc_64/lib/libQt6LabsSynchronizer.prl
2026-04-15 01:02:59,176 - aqt.updater - INFO - updater 124650788196480 Patching /home/oliverzhao/.local/Qt/6.10.1/gcc_64/lib/libQt6QmlXmlListModel.prl
2026-04-15 01:02:59,177 - aqt.updater - INFO - updater 124650788196480 Patching /home/oliverzhao/.local/Qt/6.10.1/gcc_64/lib/libQt6Quick.prl
2026-04-15 01:02:59,178 - aqt.updater - INFO - updater 124650788196480 Patching /home/oliverzhao/.local/Qt/6.10.1/gcc_64/lib/libQt6QuickDialogs2QuickImpl.prl
2026-04-15 01:02:59,179 - aqt.updater - INFO - updater 124650788196480 Patching /home/oliverzhao/.local/Qt/6.10.1/gcc_64/lib/libQt6PacketProtocol.prl
2026-04-15 01:02:59,180 - aqt.updater - INFO - updater 124650788196480 Patching /home/oliverzhao/.local/Qt/6.10.1/gcc_64/lib/libQt6QuickControls2MaterialStyleImpl.prl
2026-04-15 01:02:59,181 - aqt.updater - INFO - updater 124650788196480 Patching /home/oliverzhao/.local/Qt/6.10.1/gcc_64/lib/libQt6QmlNetwork.prl
2026-04-15 01:02:59,182 - aqt.updater - INFO - updater 124650788196480 Patching /home/oliverzhao/.local/Qt/6.10.1/gcc_64/lib/libQt6QuickDialogs2.prl
2026-04-15 01:02:59,182 - aqt.updater - INFO - updater 124650788196480 Patching /home/oliverzhao/.local/Qt/6.10.1/gcc_64/lib/libQt6QuickTestUtils.prl
2026-04-15 01:02:59,183 - aqt.updater - INFO - updater 124650788196480 Patching /home/oliverzhao/.local/Qt/6.10.1/gcc_64/lib/libQt6QmlDom.prl
2026-04-15 01:02:59,184 - aqt.updater - INFO - updater 124650788196480 Patching /home/oliverzhao/.local/Qt/6.10.1/gcc_64/lib/libQt6Gui.prl
2026-04-15 01:02:59,184 - aqt.updater - INFO - updater 124650788196480 Patching /home/oliverzhao/.local/Qt/6.10.1/gcc_64/lib/libQt6WaylandClient.prl
2026-04-15 01:02:59,185 - aqt.updater - INFO - updater 124650788196480 Patching /home/oliverzhao/.local/Qt/6.10.1/gcc_64/lib/libQt6QmlToolingSettings.prl
2026-04-15 01:02:59,186 - aqt.updater - INFO - updater 124650788196480 Patching /home/oliverzhao/.local/Qt/6.10.1/gcc_64/lib/libQt6PrintSupport.prl
2026-04-15 01:02:59,186 - aqt.updater - INFO - updater 124650788196480 Patching /home/oliverzhao/.local/Qt/6.10.1/gcc_64/lib/libQt6QuickControls2Material.prl
2026-04-15 01:02:59,187 - aqt.updater - INFO - updater 124650788196480 Patching /home/oliverzhao/.local/Qt/6.10.1/gcc_64/lib/libQt6DesignerComponents.prl
2026-04-15 01:02:59,188 - aqt.updater - INFO - updater 124650788196480 Patching /home/oliverzhao/.local/Qt/6.10.1/gcc_64/lib/libQt6Designer.prl
2026-04-15 01:02:59,189 - aqt.updater - INFO - updater 124650788196480 Patching /home/oliverzhao/.local/Qt/6.10.1/gcc_64/lib/libQt6QuickLayouts.prl
2026-04-15 01:02:59,189 - aqt.updater - INFO - updater 124650788196480 Patching /home/oliverzhao/.local/Qt/6.10.1/gcc_64/lib/libQt6LabsSharedImage.prl
2026-04-15 01:02:59,190 - aqt.updater - INFO - updater 124650788196480 Patching /home/oliverzhao/.local/Qt/6.10.1/gcc_64/lib/libQt6QuickControls2Imagine.prl
2026-04-15 01:02:59,191 - aqt.updater - INFO - updater 124650788196480 Patching /home/oliverzhao/.local/Qt/6.10.1/gcc_64/lib/libQt6QmlTypeRegistrar.prl
2026-04-15 01:02:59,192 - aqt.updater - INFO - updater 124650788196480 Patching /home/oliverzhao/.local/Qt/6.10.1/gcc_64/lib/libQt6Widgets.prl
2026-04-15 01:02:59,192 - aqt.updater - INFO - updater 124650788196480 Patching /home/oliverzhao/.local/Qt/6.10.1/gcc_64/lib/libQt6QuickControls2FluentWinUI3StyleImpl.prl
2026-04-15 01:02:59,193 - aqt.updater - INFO - updater 124650788196480 Patching /home/oliverzhao/.local/Qt/6.10.1/gcc_64/lib/libQt6QuickControls2Impl.prl
2026-04-15 01:02:59,194 - aqt.updater - INFO - updater 124650788196480 Patching /home/oliverzhao/.local/Qt/6.10.1/gcc_64/lib/libQt6Network.prl
2026-04-15 01:02:59,195 - aqt.updater - INFO - updater 124650788196480 Patching /home/oliverzhao/.local/Qt/6.10.1/gcc_64/lib/libQt6QuickVectorImageHelpers.prl
2026-04-15 01:02:59,195 - aqt.updater - INFO - updater 124650788196480 Patching /home/oliverzhao/.local/Qt/6.10.1/gcc_64/lib/libQt6QuickVectorImageGenerator.prl
2026-04-15 01:02:59,196 - aqt.updater - INFO - updater 124650788196480 Patching /home/oliverzhao/.local/Qt/6.10.1/gcc_64/lib/libQt6SvgWidgets.prl
2026-04-15 01:02:59,197 - aqt.updater - INFO - updater 124650788196480 Patching /home/oliverzhao/.local/Qt/6.10.1/gcc_64/lib/libQt6QmlFormat.prl
2026-04-15 01:02:59,198 - aqt.updater - INFO - updater 124650788196480 Patching /home/oliverzhao/.local/Qt/6.10.1/gcc_64/lib/libQt6Help.prl
2026-04-15 01:02:59,199 - aqt.updater - INFO - updater 124650788196480 Patching /home/oliverzhao/.local/Qt/6.10.1/gcc_64/lib/libQt6QmlAssetDownloader.prl
2026-04-15 01:02:59,200 - aqt.updater - INFO - updater 124650788196480 Patching /home/oliverzhao/.local/Qt/6.10.1/gcc_64/lib/libQt6DBus.prl
2026-04-15 01:02:59,200 - aqt.updater - INFO - updater 124650788196480 Patching /home/oliverzhao/.local/Qt/6.10.1/gcc_64/lib/libQt6ExampleIcons.prl
2026-04-15 01:02:59,202 - aqt.updater - INFO - updater 124650788196480 Patching /home/oliverzhao/.local/Qt/6.10.1/gcc_64/lib/libQt6WlShellIntegration.prl
2026-04-15 01:02:59,202 - aqt.updater - INFO - updater 124650788196480 Patching /home/oliverzhao/.local/Qt/6.10.1/gcc_64/lib/libQt6QuickControls2Universal.prl
2026-04-15 01:02:59,203 - aqt.updater - INFO - updater 124650788196480 Patching /home/oliverzhao/.local/Qt/6.10.1/gcc_64/lib/libQt6QuickEffects.prl
2026-04-15 01:02:59,204 - aqt.updater - INFO - updater 124650788196480 Patching /home/oliverzhao/.local/Qt/6.10.1/gcc_64/lib/libQt6QuickTest.prl
2026-04-15 01:02:59,204 - aqt.updater - INFO - updater 124650788196480 Patching /home/oliverzhao/.local/Qt/6.10.1/gcc_64/lib/libQt6QmlCompiler.prl
2026-04-15 01:02:59,205 - aqt.updater - INFO - updater 124650788196480 Patching /home/oliverzhao/.local/Qt/6.10.1/gcc_64/lib/libQt6QmlDebug.prl
2026-04-15 01:02:59,207 - aqt.updater - INFO - updater 124650788196480 Patching /home/oliverzhao/.local/Qt/6.10.1/gcc_64/lib/libQt6LabsAnimation.prl
2026-04-15 01:02:59,208 - aqt.updater - INFO - updater 124650788196480 Patching /home/oliverzhao/.local/Qt/6.10.1/gcc_64/lib/libQt6QmlMeta.prl
2026-04-15 01:02:59,208 - aqt.updater - INFO - updater 124650788196480 Patching /home/oliverzhao/.local/Qt/6.10.1/gcc_64/lib/libQt6EglFsKmsSupport.prl
2026-04-15 01:02:59,209 - aqt.updater - INFO - updater 124650788196480 Patching /home/oliverzhao/.local/Qt/6.10.1/gcc_64/lib/libQt6EglFsKmsGbmSupport.prl
2026-04-15 01:02:59,210 - aqt.updater - INFO - updater 124650788196480 Patching /home/oliverzhao/.local/Qt/6.10.1/gcc_64/lib/libQt6EglFSDeviceIntegration.prl
2026-04-15 01:02:59,212 - aqt.updater - INFO - updater 124650788196480 Patching /home/oliverzhao/.local/Qt/6.10.1/gcc_64/lib/libQt6UiTools.prl
2026-04-15 01:02:59,213 - aqt.updater - INFO - updater 124650788196480 Patching /home/oliverzhao/.local/Qt/6.10.1/gcc_64/lib/libQt6Xml.prl
2026-04-15 01:02:59,213 - aqt.updater - INFO - updater 124650788196480 Patching /home/oliverzhao/.local/Qt/6.10.1/gcc_64/lib/libQt6QuickControls2BasicStyleImpl.prl
2026-04-15 01:02:59,214 - aqt.updater - INFO - updater 124650788196480 Patching /home/oliverzhao/.local/Qt/6.10.1/gcc_64/lib/libQt6Core.prl
2026-04-15 01:02:59,215 - aqt.updater - INFO - updater 124650788196480 Patching /home/oliverzhao/.local/Qt/6.10.1/gcc_64/lib/libQt6QuickShapes.prl
2026-04-15 01:02:59,216 - aqt.updater - INFO - updater 124650788196480 Patching /home/oliverzhao/.local/Qt/6.10.1/gcc_64/lib/libQt6QmlLocalStorage.prl
2026-04-15 01:02:59,216 - aqt.updater - INFO - updater 124650788196480 Patching /home/oliverzhao/.local/Qt/6.10.1/gcc_64/lib/libQt6QuickShapesDesignHelpers.prl
2026-04-15 01:02:59,217 - aqt.updater - INFO - updater 124650788196480 Patching /home/oliverzhao/.local/Qt/6.10.1/gcc_64/lib/libQt6Test.prl
2026-04-15 01:02:59,218 - aqt.updater - INFO - updater 124650788196480 Patching /home/oliverzhao/.local/Qt/6.10.1/gcc_64/lib/libQt6QuickVectorImage.prl
2026-04-15 01:02:59,219 - aqt.updater - INFO - updater 124650788196480 Patching /home/oliverzhao/.local/Qt/6.10.1/gcc_64/lib/libQt6OpenGL.prl
2026-04-15 01:02:59,219 - aqt.updater - INFO - updater 124650788196480 Patching /home/oliverzhao/.local/Qt/6.10.1/gcc_64/lib/libQt6QuickControls2.prl
2026-04-15 01:02:59,220 - aqt.updater - INFO - updater 124650788196480 Patching /home/oliverzhao/.local/Qt/6.10.1/gcc_64/lib/libQt6Svg.prl
2026-04-15 01:02:59,221 - aqt.updater - INFO - updater 124650788196480 Patching /home/oliverzhao/.local/Qt/6.10.1/gcc_64/lib/libQt6QmlLS.prl
2026-04-15 01:02:59,221 - aqt.updater - INFO - updater 124650788196480 Patching /home/oliverzhao/.local/Qt/6.10.1/gcc_64/lib/libQt6Qml.prl
2026-04-15 01:02:59,222 - aqt.updater - INFO - updater 124650788196480 Patching /home/oliverzhao/.local/Qt/6.10.1/gcc_64/lib/libQt6QuickDialogs2Utils.prl
2026-04-15 01:02:59,223 - aqt.updater - INFO - updater 124650788196480 Patching /home/oliverzhao/.local/Qt/6.10.1/gcc_64/lib/libQt6QmlWorkerScript.prl
2026-04-15 01:02:59,224 - aqt.updater - INFO - updater 124650788196480 Patching /home/oliverzhao/.local/Qt/6.10.1/gcc_64/lib/libQt6LabsPlatform.prl
2026-04-15 01:02:59,224 - aqt.updater - INFO - updater 124650788196480 Patching /home/oliverzhao/.local/Qt/6.10.1/gcc_64/lib/libQt6InputSupport.prl
2026-04-15 01:02:59,225 - aqt.updater - INFO - updater 124650788196480 Patching /home/oliverzhao/.local/Qt/6.10.1/gcc_64/lib/libQt6Concurrent.prl
2026-04-15 01:02:59,226 - aqt.updater - INFO - updater 124650788196480 Patching /home/oliverzhao/.local/Qt/6.10.1/gcc_64/lib/libQt6QmlModels.prl
2026-04-15 01:02:59,227 - aqt.updater - INFO - updater 124650788196480 Patching /home/oliverzhao/.local/Qt/6.10.1/gcc_64/lib/libQt6LabsQmlModels.prl
2026-04-15 01:02:59,227 - aqt.updater - INFO - updater 124650788196480 Patching /home/oliverzhao/.local/Qt/6.10.1/gcc_64/lib/libQt6OpenGLWidgets.prl
2026-04-15 01:02:59,228 - aqt.updater - INFO - updater 124650788196480 Patching /home/oliverzhao/.local/Qt/6.10.1/gcc_64/lib/libQt6QuickTemplates2.prl
2026-04-15 01:02:59,229 - aqt.updater - INFO - updater 124650788196480 Patching /home/oliverzhao/.local/Qt/6.10.1/gcc_64/lib/libQt6ExamplesAssetDownloader.prl
2026-04-15 01:02:59,230 - aqt.main - INFO - installer 124650788196480 Finished installation
2026-04-15 01:02:59,230 - aqt.main - INFO - installer 124650788196480 Time elapsed: 45.35647703 second
